<?xml version="1.0" encoding="UTF-8"?>
<!-- Generated by org.testng.reporters.JUnitXMLReporter -->
<testsuite hostname="LAPTOP-2KSH9VVC" name="HaikuJamLogin" tests="3" failures="0" timestamp="4 Dec 2018 14:45:23 GMT" time="4.569" errors="0">
  <testcase name="Log" time="2.656" classname="com.api.com.api.testing.Login"/>
  <testcase name="Log" time="0.656" classname="com.api.com.api.testing.ProfileUpdate"/>
  <testcase name="Log" time="0.593" classname="com.api.com.api.testing.ProfileCheck"/>
</testsuite> <!-- HaikuJamLogin -->
